<?xml version="1.0" encoding="UTF-8"?>
<coverage generated="1773323455581" clover="3.2.0">
  <project timestamp="1773323455582" name="All files">
    <metrics statements="29" coveredstatements="29" conditionals="41" coveredconditionals="41" methods="2" coveredmethods="2" elements="72" coveredelements="72" complexity="0" loc="29" ncloc="29" packages="1" files="2" classes="2"/>
    <file name="password.ts" path="C:\Users\Ethan\Documents\Dev\individual-EthanScherli\server\src\utils\password.ts">
      <metrics statements="16" coveredstatements="16" conditionals="25" coveredconditionals="25" methods="1" coveredmethods="1"/>
      <line num="1" count="1" type="stmt"/>
      <line num="2" count="13" type="cond" truecount="2" falsecount="0"/>
      <line num="3" count="12" type="cond" truecount="2" falsecount="0"/>
      <line num="4" count="11" type="cond" truecount="2" falsecount="0"/>
      <line num="6" count="10" type="stmt"/>
      <line num="7" count="10" type="stmt"/>
      <line num="8" count="10" type="stmt"/>
      <line num="9" count="10" type="stmt"/>
      <line num="11" count="10" type="cond" truecount="2" falsecount="0"/>
      <line num="13" count="2" type="cond" truecount="2" falsecount="0"/>
      <line num="14" count="1" type="stmt"/>
      <line num="15" count="8" type="cond" truecount="4" falsecount="0"/>
      <line num="17" count="5" type="cond" truecount="5" falsecount="0"/>
      <line num="18" count="2" type="cond" truecount="2" falsecount="0"/>
      <line num="21" count="3" type="cond" truecount="4" falsecount="0"/>
      <line num="24" count="3" type="stmt"/>
    </file>
    <file name="shipping.ts" path="C:\Users\Ethan\Documents\Dev\individual-EthanScherli\server\src\utils\shipping.ts">
      <metrics statements="13" coveredstatements="13" conditionals="16" coveredconditionals="16" methods="1" coveredmethods="1"/>
      <line num="44" count="1" type="stmt"/>
      <line num="49" count="18" type="cond" truecount="2" falsecount="0"/>
      <line num="50" count="17" type="cond" truecount="4" falsecount="0"/>
      <line num="52" count="14" type="stmt"/>
      <line num="53" count="14" type="cond" truecount="2" falsecount="0"/>
      <line num="54" count="7" type="cond" truecount="2" falsecount="0"/>
      <line num="55" count="3" type="stmt"/>
      <line num="57" count="14" type="stmt"/>
      <line num="58" count="14" type="cond" truecount="4" falsecount="0"/>
      <line num="59" count="5" type="stmt"/>
      <line num="62" count="14" type="cond" truecount="2" falsecount="0"/>
      <line num="63" count="3" type="stmt"/>
      <line num="66" count="14" type="stmt"/>
    </file>
  </project>
</coverage>
