{"C:\\Users\\Ethan\\Documents\\Dev\\individual-EthanScherli\\server\\src\\utils\\password.ts": {"path":"C:\\Users\\Ethan\\Documents\\Dev\\individual-EthanScherli\\server\\src\\utils\\password.ts","statementMap":{"0":{"start":{"line":1,"column":32},"end":{"line":25,"column":1}},"1":{"start":{"line":2,"column":2},"end":{"line":2,"column":25}},"2":{"start":{"line":2,"column":12},"end":{"line":2,"column":25}},"3":{"start":{"line":3,"column":2},"end":{"line":3,"column":35}},"4":{"start":{"line":3,"column":22},"end":{"line":3,"column":35}},"5":{"start":{"line":4,"column":2},"end":{"line":4,"column":36}},"6":{"start":{"line":4,"column":23},"end":{"line":4,"column":36}},"7":{"start":{"line":6,"column":23},"end":{"line":6,"column":40}},"8":{"start":{"line":7,"column":23},"end":{"line":7,"column":40}},"9":{"start":{"line":8,"column":21},"end":{"line":8,"column":38}},"10":{"start":{"line":9,"column":21},"end":{"line":9,"column":45}},"11":{"start":{"line":11,"column":2},"end":{"line":22,"column":3}},"12":{"start":{"line":13,"column":4},"end":{"line":13,"column":36}},"13":{"start":{"line":13,"column":23},"end":{"line":13,"column":36}},"14":{"start":{"line":14,"column":4},"end":{"line":14,"column":16}},"15":{"start":{"line":15,"column":9},"end":{"line":22,"column":3}},"16":{"start":{"line":17,"column":4},"end":{"line":17,"column":68}},"17":{"start":{"line":17,"column":55},"end":{"line":17,"column":68}},"18":{"start":{"line":18,"column":4},"end":{"line":18,"column":34}},"19":{"start":{"line":18,"column":21},"end":{"line":18,"column":34}},"20":{"start":{"line":21,"column":4},"end":{"line":21,"column":51}},"21":{"start":{"line":21,"column":38},"end":{"line":21,"column":51}},"22":{"start":{"line":24,"column":2},"end":{"line":24,"column":14}},"23":{"start":{"line":1,"column":13},"end":{"line":1,"column":32}}},"fnMap":{"0":{"name":"(anonymous_0)","decl":{"start":{"line":1,"column":32},"end":{"line":1,"column":33}},"loc":{"start":{"line":1,"column":74},"end":{"line":25,"column":1}}}},"branchMap":{"0":{"loc":{"start":{"line":2,"column":2},"end":{"line":2,"column":25}},"type":"if","locations":[{"start":{"line":2,"column":2},"end":{"line":2,"column":25}},{"start":{},"end":{}}]},"1":{"loc":{"start":{"line":3,"column":2},"end":{"line":3,"column":35}},"type":"if","locations":[{"start":{"line":3,"column":2},"end":{"line":3,"column":35}},{"start":{},"end":{}}]},"2":{"loc":{"start":{"line":4,"column":2},"end":{"line":4,"column":36}},"type":"if","locations":[{"start":{"line":4,"column":2},"end":{"line":4,"column":36}},{"start":{},"end":{}}]},"3":{"loc":{"start":{"line":11,"column":2},"end":{"line":22,"column":3}},"type":"if","locations":[{"start":{"line":11,"column":2},"end":{"line":22,"column":3}},{"start":{"line":15,"column":9},"end":{"line":22,"column":3}}]},"4":{"loc":{"start":{"line":13,"column":4},"end":{"line":13,"column":36}},"type":"if","locations":[{"start":{"line":13,"column":4},"end":{"line":13,"column":36}},{"start":{},"end":{}}]},"5":{"loc":{"start":{"line":15,"column":9},"end":{"line":22,"column":3}},"type":"if","locations":[{"start":{"line":15,"column":9},"end":{"line":22,"column":3}},{"start":{"line":19,"column":9},"end":{"line":22,"column":3}}]},"6":{"loc":{"start":{"line":15,"column":13},"end":{"line":15,"column":42}},"type":"binary-expr","locations":[{"start":{"line":15,"column":13},"end":{"line":15,"column":26}},{"start":{"line":15,"column":30},"end":{"line":15,"column":42}}]},"7":{"loc":{"start":{"line":17,"column":4},"end":{"line":17,"column":68}},"type":"if","locations":[{"start":{"line":17,"column":4},"end":{"line":17,"column":68}},{"start":{},"end":{}}]},"8":{"loc":{"start":{"line":17,"column":8},"end":{"line":17,"column":53}},"type":"binary-expr","locations":[{"start":{"line":17,"column":8},"end":{"line":17,"column":21}},{"start":{"line":17,"column":25},"end":{"line":17,"column":38}},{"start":{"line":17,"column":42},"end":{"line":17,"column":53}}]},"9":{"loc":{"start":{"line":18,"column":4},"end":{"line":18,"column":34}},"type":"if","locations":[{"start":{"line":18,"column":4},"end":{"line":18,"column":34}},{"start":{},"end":{}}]},"10":{"loc":{"start":{"line":21,"column":4},"end":{"line":21,"column":51}},"type":"if","locations":[{"start":{"line":21,"column":4},"end":{"line":21,"column":51}},{"start":{},"end":{}}]},"11":{"loc":{"start":{"line":21,"column":8},"end":{"line":21,"column":36}},"type":"binary-expr","locations":[{"start":{"line":21,"column":8},"end":{"line":21,"column":19}},{"start":{"line":21,"column":23},"end":{"line":21,"column":36}}]}},"s":{"0":1,"1":13,"2":1,"3":12,"4":1,"5":11,"6":1,"7":10,"8":10,"9":10,"10":10,"11":10,"12":2,"13":1,"14":1,"15":8,"16":5,"17":3,"18":2,"19":1,"20":3,"21":1,"22":3,"23":1},"f":{"0":13},"b":{"0":[1,12],"1":[1,11],"2":[1,10],"3":[2,8],"4":[1,1],"5":[5,3],"6":[8,8],"7":[3,2],"8":[5,4,3],"9":[1,1],"10":[1,2],"11":[3,2]}}
,"C:\\Users\\Ethan\\Documents\\Dev\\individual-EthanScherli\\server\\src\\utils\\shipping.ts": {"path":"C:\\Users\\Ethan\\Documents\\Dev\\individual-EthanScherli\\server\\src\\utils\\shipping.ts","statementMap":{"0":{"start":{"line":44,"column":0},"end":{"line":44,"column":16}},"1":{"start":{"line":49,"column":2},"end":{"line":49,"column":56}},"2":{"start":{"line":49,"column":20},"end":{"line":49,"column":56}},"3":{"start":{"line":50,"column":2},"end":{"line":50,"column":68}},"4":{"start":{"line":50,"column":34},"end":{"line":50,"column":68}},"5":{"start":{"line":52,"column":17},"end":{"line":52,"column":18}},"6":{"start":{"line":53,"column":2},"end":{"line":55,"column":21}},"7":{"start":{"line":53,"column":22},"end":{"line":53,"column":36}},"8":{"start":{"line":54,"column":7},"end":{"line":55,"column":21}},"9":{"start":{"line":54,"column":28},"end":{"line":54,"column":42}},"10":{"start":{"line":55,"column":7},"end":{"line":55,"column":21}},"11":{"start":{"line":57,"column":18},"end":{"line":57,"column":26}},"12":{"start":{"line":58,"column":2},"end":{"line":60,"column":3}},"13":{"start":{"line":59,"column":4},"end":{"line":59,"column":32}},"14":{"start":{"line":62,"column":2},"end":{"line":64,"column":3}},"15":{"start":{"line":63,"column":4},"end":{"line":63,"column":19}},"16":{"start":{"line":66,"column":2},"end":{"line":66,"column":19}}},"fnMap":{"0":{"name":"calculateShipping","decl":{"start":{"line":44,"column":16},"end":{"line":44,"column":33}},"loc":{"start":{"line":47,"column":30},"end":{"line":67,"column":1}}}},"branchMap":{"0":{"loc":{"start":{"line":49,"column":2},"end":{"line":49,"column":56}},"type":"if","locations":[{"start":{"line":49,"column":2},"end":{"line":49,"column":56}},{"start":{},"end":{}}]},"1":{"loc":{"start":{"line":50,"column":2},"end":{"line":50,"column":68}},"type":"if","locations":[{"start":{"line":50,"column":2},"end":{"line":50,"column":68}},{"start":{},"end":{}}]},"2":{"loc":{"start":{"line":50,"column":6},"end":{"line":50,"column":32}},"type":"binary-expr","locations":[{"start":{"line":50,"column":6},"end":{"line":50,"column":17}},{"start":{"line":50,"column":21},"end":{"line":50,"column":32}}]},"3":{"loc":{"start":{"line":53,"column":2},"end":{"line":55,"column":21}},"type":"if","locations":[{"start":{"line":53,"column":2},"end":{"line":55,"column":21}},{"start":{"line":54,"column":7},"end":{"line":55,"column":21}}]},"4":{"loc":{"start":{"line":54,"column":7},"end":{"line":55,"column":21}},"type":"if","locations":[{"start":{"line":54,"column":7},"end":{"line":55,"column":21}},{"start":{"line":55,"column":7},"end":{"line":55,"column":21}}]},"5":{"loc":{"start":{"line":58,"column":2},"end":{"line":60,"column":3}},"type":"if","locations":[{"start":{"line":58,"column":2},"end":{"line":60,"column":3}},{"start":{},"end":{}}]},"6":{"loc":{"start":{"line":58,"column":6},"end":{"line":58,"column":34}},"type":"binary-expr","locations":[{"start":{"line":58,"column":6},"end":{"line":58,"column":18}},{"start":{"line":58,"column":22},"end":{"line":58,"column":34}}]},"7":{"loc":{"start":{"line":62,"column":2},"end":{"line":64,"column":3}},"type":"if","locations":[{"start":{"line":62,"column":2},"end":{"line":64,"column":3}},{"start":{},"end":{}}]}},"s":{"0":1,"1":18,"2":1,"3":17,"4":3,"5":14,"6":14,"7":7,"8":7,"9":4,"10":3,"11":14,"12":14,"13":5,"14":14,"15":3,"16":14},"f":{"0":18},"b":{"0":[1,17],"1":[3,14],"2":[17,15],"3":[7,7],"4":[4,3],"5":[5,9],"6":[14,5],"7":[3,11]}}
}
