TN:
SF:src\utils\password.ts
FN:1,(anonymous_0)
FNF:1
FNH:1
FNDA:13,(anonymous_0)
DA:1,1
DA:2,13
DA:3,12
DA:4,11
DA:6,10
DA:7,10
DA:8,10
DA:9,10
DA:11,10
DA:13,2
DA:14,1
DA:15,8
DA:17,5
DA:18,2
DA:21,3
DA:24,3
LF:16
LH:16
BRDA:2,0,0,1
BRDA:2,0,1,12
BRDA:3,1,0,1
BRDA:3,1,1,11
BRDA:4,2,0,1
BRDA:4,2,1,10
BRDA:11,3,0,2
BRDA:11,3,1,8
BRDA:13,4,0,1
BRDA:13,4,1,1
BRDA:15,5,0,5
BRDA:15,5,1,3
BRDA:15,6,0,8
BRDA:15,6,1,8
BRDA:17,7,0,3
BRDA:17,7,1,2
BRDA:17,8,0,5
BRDA:17,8,1,4
BRDA:17,8,2,3
BRDA:18,9,0,1
BRDA:18,9,1,1
BRDA:21,10,0,1
BRDA:21,10,1,2
BRDA:21,11,0,3
BRDA:21,11,1,2
BRF:25
BRH:25
end_of_record
TN:
SF:src\utils\shipping.ts
FN:44,calculateShipping
FNF:1
FNH:1
FNDA:18,calculateShipping
DA:44,1
DA:49,18
DA:50,17
DA:52,14
DA:53,14
DA:54,7
DA:55,3
DA:57,14
DA:58,14
DA:59,5
DA:62,14
DA:63,3
DA:66,14
LF:13
LH:13
BRDA:49,0,0,1
BRDA:49,0,1,17
BRDA:50,1,0,3
BRDA:50,1,1,14
BRDA:50,2,0,17
BRDA:50,2,1,15
BRDA:53,3,0,7
BRDA:53,3,1,7
BRDA:54,4,0,4
BRDA:54,4,1,3
BRDA:58,5,0,5
BRDA:58,5,1,9
BRDA:58,6,0,14
BRDA:58,6,1,5
BRDA:62,7,0,3
BRDA:62,7,1,11
BRF:16
BRH:16
end_of_record
TN:
SF:src\utils\userValidator.ts
FN:1,(anonymous_0)
FNF:1
FNH:1
FNDA:6,(anonymous_0)
DA:1,1
DA:2,6
DA:3,1
DA:6,5
DA:7,5
DA:8,1
DA:11,4
DA:12,4
DA:13,1
DA:16,3
DA:17,2
DA:18,1
DA:20,1
DA:23,1
LF:14
LH:14
BRDA:2,0,0,1
BRDA:2,0,1,5
BRDA:7,1,0,1
BRDA:7,1,1,4
BRDA:12,2,0,1
BRDA:12,2,1,3
BRDA:16,3,0,2
BRDA:16,3,1,1
BRDA:17,4,0,1
BRDA:17,4,1,1
BRF:10
BRH:10
end_of_record
